16:32:19: Creating resource group General
16:32:19: Creating resource group Internal
16:32:19: Creating resource group Autodetect
16:32:19: SceneManagerFactory for type 'DefaultSceneManager' registered.
16:32:19: Registering ResourceManager for type Material
16:32:19: Registering ResourceManager for type Mesh
16:32:19: Registering ResourceManager for type Skeleton
16:32:19: MovableObjectFactory for type 'ParticleSystem' registered.
16:32:19: ArchiveFactory for archive type FileSystem registered.
16:32:19: ArchiveFactory for archive type Zip registered.
16:32:19: ArchiveFactory for archive type EmbeddedZip registered.
16:32:19: DDS codec registering
16:32:19: FreeImage version: 3.17.0
16:32:19: This program uses FreeImage, a free, open source image library supporting all common bitmap formats. See http://freeimage.sourceforge.net for details
16:32:19: Supported formats: bmp,ico,jpg,jif,jpeg,jpe,jng,koa,iff,lbm,mng,pbm,pbm,pcd,pcx,pgm,pgm,png,ppm,ppm,ras,tga,targa,tif,tiff,wap,wbmp,wbm,psd,cut,xbm,xpm,gif,hdr,sgi,rgb,rgba,bw,exr,j2k,j2c,jp2,pfm,pct,pict,pic,3fr,arw,bay,bmq,cap,cine,cr2,crw,cs1,dc2,dcr,drf,dsc,dng,erf,fff,ia,iiq,k25,kc2,kdc,mdc,mef,mos,mrw,nef,nrw,orf,pef,ptx,pxn,qtk,raf,raw,rdc,rw2,rwl,rwz,sr2,srf,srw,sti,x3f,webp,jxr,wdp,hdp
16:32:19: PVRTC codec registering
16:32:19: ETC codec registering
16:32:19: Registering ResourceManager for type HighLevelGpuProgram
16:32:19: Registering ResourceManager for type Compositor
16:32:19: MovableObjectFactory for type 'Entity' registered.
16:32:19: MovableObjectFactory for type 'Light' registered.
16:32:19: MovableObjectFactory for type 'BillboardSet' registered.
16:32:19: MovableObjectFactory for type 'ManualObject' registered.
16:32:19: MovableObjectFactory for type 'BillboardChain' registered.
16:32:19: MovableObjectFactory for type 'RibbonTrail' registered.
16:32:19: OGRE EXCEPTION(6:FileNotFoundException): 'plugins.cfg' file not found! in ConfigFile::load at /build/ogre-1.9-mqY1wq/ogre-1.9-1.9.0+dfsg1/OgreMain/src/OgreConfigFile.cpp (line 82)
16:32:19: plugins.cfg not found, automatic plugin loading disabled.
16:32:19: *-*-* OGRE Initialising
16:32:19: *-*-* Version 1.9.0 (Ghadamon)
16:32:19: OverlayElementFactory for type Panel registered.
16:32:19: OverlayElementFactory for type BorderPanel registered.
16:32:19: OverlayElementFactory for type TextArea registered.
16:32:19: Registering ResourceManager for type Font
16:32:19: Loading library /usr/lib/x86_64-linux-gnu/OGRE-1.9.0/RenderSystem_GL.so
16:32:19: Installing plugin: GL RenderSystem
16:32:19: OpenGL Rendering Subsystem created.
16:32:19: Plugin successfully installed
16:32:19: Loading library /usr/lib/x86_64-linux-gnu/OGRE-1.9.0/Plugin_ParticleFX.so
16:32:19: Installing plugin: ParticleFX
16:32:19: Particle Emitter Type 'Point' registered
16:32:19: Particle Emitter Type 'Box' registered
16:32:19: Particle Emitter Type 'Ellipsoid' registered
16:32:19: Particle Emitter Type 'Cylinder' registered
16:32:19: Particle Emitter Type 'Ring' registered
16:32:19: Particle Emitter Type 'HollowEllipsoid' registered
16:32:19: Particle Affector Type 'LinearForce' registered
16:32:19: Particle Affector Type 'ColourFader' registered
16:32:19: Particle Affector Type 'ColourFader2' registered
16:32:19: Particle Affector Type 'ColourImage' registered
16:32:19: Particle Affector Type 'ColourInterpolator' registered
16:32:19: Particle Affector Type 'Scaler' registered
16:32:19: Particle Affector Type 'Rotator' registered
16:32:19: Particle Affector Type 'DirectionRandomiser' registered
16:32:19: Particle Affector Type 'DeflectorPlane' registered
16:32:19: Plugin successfully installed
16:32:19: Loading library /usr/lib/x86_64-linux-gnu/OGRE-1.9.0/Plugin_BSPSceneManager.so
16:32:19: Installing plugin: BSP Scene Manager
16:32:19: Plugin successfully installed
16:32:19: Loading library /usr/lib/x86_64-linux-gnu/OGRE-1.9.0/Plugin_OctreeSceneManager.so
16:32:19: Installing plugin: Octree Scene Manager
16:32:19: Plugin successfully installed
16:32:19: CPU Identifier & Features
16:32:19: -------------------------
16:32:19:  *   CPU ID: GenuineIntel: Intel(R) Core(TM) i3-5015U CPU @ 2.10GHz
16:32:19:  *      SSE: yes
16:32:19:  *     SSE2: yes
16:32:19:  *     SSE3: yes
16:32:19:  *      MMX: yes
16:32:19:  *   MMXEXT: yes
16:32:19:  *    3DNOW: no
16:32:19:  * 3DNOWEXT: no
16:32:19:  *     CMOV: yes
16:32:19:  *      TSC: yes
16:32:19:  *      FPU: yes
16:32:19:  *      PRO: yes
16:32:19:  *       HT: no
16:32:19: -------------------------
16:32:19: ******************************
*** Starting GLX Subsystem ***
******************************
16:32:19: Registering ResourceManager for type Texture
16:32:19: Added resource location '/usr/share/gazebo-7/' of type 'FileSystem' to resource group 'General'
16:32:19: Added resource location '/usr/share/gazebo-7/media' of type 'FileSystem' to resource group 'General'
16:32:19: Creating resource group SkyX
16:32:19: Added resource location '/usr/share/gazebo-7/media/skyx' of type 'FileSystem' to resource group 'SkyX'
16:32:19: Added resource location '/usr/share/gazebo-7/media/rtshaderlib' of type 'FileSystem' to resource group 'General'
16:32:19: Added resource location '/usr/share/gazebo-7/media/materials/programs' of type 'FileSystem' to resource group 'General'
16:32:19: Added resource location '/usr/share/gazebo-7/media/materials/scripts' of type 'FileSystem' to resource group 'General'
16:32:19: Added resource location '/usr/share/gazebo-7/media/materials/textures' of type 'FileSystem' to resource group 'General'
16:32:19: Added resource location '/usr/share/gazebo-7/media/media/models' of type 'FileSystem' to resource group 'General'
16:32:19: Creating resource group Fonts
16:32:19: Added resource location '/usr/share/gazebo-7/media/fonts' of type 'FileSystem' to resource group 'Fonts'
16:32:19: Creating resource group LookNFeel
16:32:19: Added resource location '/usr/share/gazebo-7/media/gui/looknfeel' of type 'FileSystem' to resource group 'LookNFeel'
16:32:19: Creating resource group Schemes
16:32:19: Added resource location '/usr/share/gazebo-7/media/gui/schemes' of type 'FileSystem' to resource group 'Schemes'
16:32:19: Creating resource group Imagesets
16:32:19: Added resource location '/usr/share/gazebo-7/media/gui/imagesets' of type 'FileSystem' to resource group 'Imagesets'
16:32:19: Added resource location '/usr/share/gazebo-7/media/gui/fonts' of type 'FileSystem' to resource group 'Fonts'
16:32:19: Creating resource group Layouts
16:32:19: Added resource location '/usr/share/gazebo-7/media/gui/layouts' of type 'FileSystem' to resource group 'Layouts'
16:32:19: Creating resource group Animations
16:32:19: Added resource location '/usr/share/gazebo-7/media/gui/animations' of type 'FileSystem' to resource group 'Animations'
16:32:19: Added resource location '/usr/share/gazebo-7/Media' of type 'FileSystem' to resource group 'General'
16:32:19: Added resource location '/usr/share/gazebo-7/Media/skyx' of type 'FileSystem' to resource group 'SkyX'
16:32:19: Added resource location '/usr/share/gazebo-7/Media/rtshaderlib' of type 'FileSystem' to resource group 'General'
16:32:19: Added resource location '/usr/share/gazebo-7/Media/materials/programs' of type 'FileSystem' to resource group 'General'
16:32:19: Added resource location '/usr/share/gazebo-7/Media/materials/scripts' of type 'FileSystem' to resource group 'General'
16:32:19: Added resource location '/usr/share/gazebo-7/Media/materials/textures' of type 'FileSystem' to resource group 'General'
16:32:19: Added resource location '/usr/share/gazebo-7/Media/media/models' of type 'FileSystem' to resource group 'General'
16:32:19: Added resource location '/usr/share/gazebo-7/Media/fonts' of type 'FileSystem' to resource group 'Fonts'
16:32:19: Added resource location '/usr/share/gazebo-7/Media/gui/looknfeel' of type 'FileSystem' to resource group 'LookNFeel'
16:32:19: Added resource location '/usr/share/gazebo-7/Media/gui/schemes' of type 'FileSystem' to resource group 'Schemes'
16:32:19: Added resource location '/usr/share/gazebo-7/Media/gui/imagesets' of type 'FileSystem' to resource group 'Imagesets'
16:32:19: Added resource location '/usr/share/gazebo-7/Media/gui/fonts' of type 'FileSystem' to resource group 'Fonts'
16:32:19: Added resource location '/usr/share/gazebo-7/Media/gui/layouts' of type 'FileSystem' to resource group 'Layouts'
16:32:19: Added resource location '/usr/share/gazebo-7/Media/gui/animations' of type 'FileSystem' to resource group 'Animations'
16:32:19: GLRenderSystem::_createRenderWindow "OgreWindow(0)", 1x1 windowed  miscParams: FSAA=4 border=none macAPI=carbon parentWindowHandle=73400321 stereoMode=Frame Sequential 
16:32:19: GLXWindow::create used FBConfigID = 171
16:32:19: GL_VERSION = 3.0 Mesa 11.2.0
16:32:19: GL_VENDOR = Intel Open Source Technology Center
16:32:19: GL_RENDERER = Mesa DRI Intel(R) HD Graphics 5500 (Broadwell GT2) 
16:32:19: GL_EXTENSIONS = GL_ARB_multisample GL_EXT_abgr GL_EXT_bgra GL_EXT_blend_color GL_EXT_blend_minmax GL_EXT_blend_subtract GL_EXT_copy_texture GL_EXT_polygon_offset GL_EXT_subtexture GL_EXT_texture_object GL_EXT_vertex_array GL_EXT_compiled_vertex_array GL_EXT_texture GL_EXT_texture3D GL_IBM_rasterpos_clip GL_ARB_point_parameters GL_EXT_draw_range_elements GL_EXT_packed_pixels GL_EXT_point_parameters GL_EXT_rescale_normal GL_EXT_separate_specular_color GL_EXT_texture_edge_clamp GL_SGIS_generate_mipmap GL_SGIS_texture_border_clamp GL_SGIS_texture_edge_clamp GL_SGIS_texture_lod GL_ARB_framebuffer_sRGB GL_ARB_multitexture GL_EXT_framebuffer_sRGB GL_IBM_multimode_draw_arrays GL_IBM_texture_mirrored_repeat GL_3DFX_texture_compression_FXT1 GL_ARB_texture_cube_map GL_ARB_texture_env_add GL_ARB_transpose_matrix GL_EXT_blend_func_separate GL_EXT_fog_coord GL_EXT_multi_draw_arrays GL_EXT_secondary_color GL_EXT_texture_env_add GL_EXT_texture_filter_anisotropic GL_EXT_texture_lod_bias GL_INGR_blend_func_separate GL_NV_blend_square GL_NV_light_max_exponent GL_NV_texgen_reflection GL_NV_texture_env_combine4 GL_S3_s3tc GL_SUN_multi_draw_arrays GL_ARB_texture_border_clamp GL_ARB_texture_compression GL_EXT_framebuffer_object GL_EXT_texture_compression_s3tc GL_EXT_texture_env_combine GL_EXT_texture_env_dot3 GL_MESA_window_pos GL_NV_packed_depth_stencil GL_NV_texture_rectangle GL_ARB_depth_texture GL_ARB_occlusion_query GL_ARB_shadow GL_ARB_texture_env_combine GL_ARB_texture_env_crossbar GL_ARB_texture_env_dot3 GL_ARB_texture_mirrored_repeat GL_ARB_window_pos GL_EXT_stencil_two_side GL_EXT_texture_cube_map GL_NV_depth_clamp GL_APPLE_packed_pixels GL_APPLE_vertex_array_object GL_ARB_draw_buffers GL_ARB_fragment_program GL_ARB_fragment_shader GL_ARB_shader_objects GL_ARB_vertex_program GL_ARB_vertex_shader GL_ATI_draw_buffers GL_ATI_texture_env_combine3 GL_ATI_texture_float GL_EXT_shadow_funcs GL_EXT_stencil_wrap GL_MESA_pack_invert GL_NV_primitive_restart GL_ARB_depth_clamp GL_ARB_fragment_program_shadow GL_ARB_half_float_pixel GL_ARB_occlusion_query2 GL_ARB_point_sprite GL_ARB_shading_language_100 GL_ARB_sync GL_ARB_texture_non_power_of_two GL_ARB_vertex_buffer_object GL_ATI_blend_equation_separate GL_EXT_blend_equation_separate GL_OES_read_format GL_ARB_color_buffer_float GL_ARB_pixel_buffer_object GL_ARB_texture_compression_rgtc GL_ARB_texture_float GL_ARB_texture_rectangle GL_EXT_packed_float GL_EXT_pixel_buffer_object GL_EXT_texture_compression_dxt1 GL_EXT_texture_compression_rgtc GL_EXT_texture_rectangle GL_EXT_texture_sRGB GL_EXT_texture_shared_exponent GL_ARB_framebuffer_object GL_EXT_framebuffer_blit GL_EXT_framebuffer_multisample GL_EXT_packed_depth_stencil GL_APPLE_object_purgeable GL_ARB_vertex_array_object GL_ATI_separate_stencil GL_EXT_draw_buffers2 GL_EXT_draw_instanced GL_EXT_gpu_program_parameters GL_EXT_texture_array GL_EXT_texture_integer GL_EXT_texture_sRGB_decode GL_EXT_timer_query GL_OES_EGL_image GL_ARB_copy_buffer GL_ARB_depth_buffer_float GL_ARB_draw_instanced GL_ARB_half_float_vertex GL_ARB_instanced_arrays GL_ARB_map_buffer_range GL_ARB_texture_rg GL_ARB_texture_swizzle GL_ARB_vertex_array_bgra GL_EXT_texture_swizzle GL_EXT_vertex_array_bgra GL_NV_conditional_render GL_AMD_conservative_depth GL_AMD_draw_buffers_blend GL_AMD_seamless_cubemap_per_texture GL_ARB_ES2_compatibility GL_ARB_blend_func_extended GL_ARB_debug_output GL_ARB_draw_buffers_blend GL_ARB_draw_elements_base_vertex GL_ARB_explicit_attrib_location GL_ARB_fragment_coord_conventions GL_ARB_provoking_vertex GL_ARB_sample_shading GL_ARB_sampler_objects GL_ARB_seamless_cube_map GL_ARB_shader_texture_lod GL_ARB_texture_cube_map_array GL_ARB_texture_gather GL_ARB_texture_multisample GL_ARB_texture_query_lod GL_ARB_texture_rgb10_a2ui GL_ARB_uniform_buffer_object GL_ARB_vertex_type_2_10_10_10_rev GL_EXT_provoking_vertex GL_EXT_texture_snorm GL_MESA_texture_signed_rgba GL_NV_texture_barrier GL_ARB_get_program_binary GL_ARB_robustness GL_ARB_separate_shader_objects GL_ARB_shader_bit_encoding GL_ARB_texture_compression_bptc GL_ARB_timer_query GL_ARB_transform_feedback2 GL_ARB_transform_feedback3 GL_ANGLE_texture_compression_dxt3 GL_ANGLE_texture_compression_dxt5 GL_ARB_compressed_texture_pixel_storage GL_ARB_conservative_depth GL_ARB_internalformat_query GL_ARB_map_buffer_alignment GL_ARB_shader_atomic_counters GL_ARB_shader_image_load_store GL_ARB_shading_language_420pack GL_ARB_shading_language_packing GL_ARB_texture_storage GL_ARB_transform_feedback_instanced GL_EXT_framebuffer_multisample_blit_scaled GL_EXT_transform_feedback GL_AMD_shader_trinary_minmax GL_ARB_ES3_compatibility GL_ARB_arrays_of_arrays GL_ARB_clear_buffer_object GL_ARB_copy_image GL_ARB_explicit_uniform_location GL_ARB_framebuffer_no_attachments GL_ARB_invalidate_subdata GL_ARB_program_interface_query GL_ARB_shader_image_size GL_ARB_shader_storage_buffer_object GL_ARB_stencil_texturing GL_ARB_texture_query_levels GL_ARB_texture_storage_multisample GL_ARB_texture_view GL_ARB_vertex_attrib_binding GL_KHR_debug GL_ARB_buffer_storage GL_ARB_clear_texture GL_ARB_multi_bind GL_ARB_seamless_cubemap_per_texture GL_ARB_shader_draw_parameters GL_ARB_texture_mirror_clamp_to_edge GL_ARB_vertex_type_10f_11f_11f_rev GL_EXT_shader_integer_mix GL_ARB_clip_control GL_ARB_conditional_render_inverted GL_ARB_derivative_control GL_ARB_get_texture_sub_image GL_ARB_pipeline_statistics_query GL_ARB_shader_texture_image_samples GL_ARB_texture_barrier GL_EXT_polygon_offset_clamp GL_KHR_context_flush_control GL_ARB_shader_clock GL_EXT_shader_samples_identical 
16:32:19: Supported GLX extensions: GLX_ARB_create_context GLX_ARB_create_context_profile GLX_ARB_create_context_robustness GLX_ARB_fbconfig_float GLX_ARB_framebuffer_sRGB GLX_ARB_get_proc_address GLX_ARB_multisample GLX_EXT_import_context GLX_EXT_visual_info GLX_EXT_visual_rating GLX_EXT_fbconfig_packed_float GLX_EXT_framebuffer_sRGB GLX_EXT_create_context_es2_profile GLX_EXT_create_context_es_profile GLX_MESA_copy_sub_buffer GLX_MESA_multithread_makecurrent GLX_MESA_query_renderer GLX_MESA_swap_control GLX_OML_swap_method GLX_OML_sync_control GLX_SGI_make_current_read GLX_SGI_swap_control GLX_SGI_video_sync GLX_SGIS_multisample GLX_SGIX_fbconfig GLX_SGIX_pbuffer GLX_SGIX_visual_select_group GLX_EXT_texture_from_pixmap GLX_INTEL_swap_event 
16:32:19: ***************************
16:32:19: *** GL Renderer Started ***
16:32:19: ***************************
16:32:19: Registering ResourceManager for type GpuProgram
16:32:19: GLSL support detected
16:32:19: GL: Using GL_EXT_framebuffer_object for rendering to textures (best)
16:32:19: FBO PF_UNKNOWN depth/stencil support: D0S1 D0S4 D0S8 D0S16 D16S0 D16S1 D16S4 D16S8 D16S16 D24S0 D24S1 D24S4 D24S8 D24S16 D32S0 D32S1 D32S4 D32S8 D32S16 Packed-D24S8 
16:32:19: FBO PF_L8 depth/stencil support: D0S0 D0S1 D0S4 D0S8 D0S16 D16S0 D16S1 D16S4 D16S8 D16S16 D24S0 D24S1 D24S4 D24S8 D24S16 D32S0 D32S1 D32S4 D32S8 D32S16 Packed-D24S8 
16:32:19: FBO PF_L16 depth/stencil support: D0S0 D0S1 D0S4 D0S8 D0S16 D16S0 D16S1 D16S4 D16S8 D16S16 D24S0 D24S1 D24S4 D24S8 D24S16 D32S0 D32S1 D32S4 D32S8 D32S16 Packed-D24S8 
16:32:19: FBO PF_A8 depth/stencil support: D0S0 D0S1 D0S4 D0S8 D0S16 D16S0 D16S1 D16S4 D16S8 D16S16 D24S0 D24S1 D24S4 D24S8 D24S16 D32S0 D32S1 D32S4 D32S8 D32S16 Packed-D24S8 
16:32:19: FBO PF_R5G6B5 depth/stencil support: D0S0 D0S1 D0S4 D0S8 D0S16 D16S0 D16S1 D16S4 D16S8 D16S16 D24S0 D24S1 D24S4 D24S8 D24S16 D32S0 D32S1 D32S4 D32S8 D32S16 Packed-D24S8 
16:32:19: FBO PF_B5G6R5 depth/stencil support: D0S0 D0S1 D0S4 D0S8 D0S16 D16S0 D16S1 D16S4 D16S8 D16S16 D24S0 D24S1 D24S4 D24S8 D24S16 D32S0 D32S1 D32S4 D32S8 D32S16 Packed-D24S8 
16:32:19: FBO PF_A4R4G4B4 depth/stencil support: D0S0 D0S1 D0S4 D0S8 D0S16 D16S0 D16S1 D16S4 D16S8 D16S16 D24S0 D24S1 D24S4 D24S8 D24S16 D32S0 D32S1 D32S4 D32S8 D32S16 Packed-D24S8 
16:32:19: FBO PF_A1R5G5B5 depth/stencil support: D0S0 D0S1 D0S4 D0S8 D0S16 D16S0 D16S1 D16S4 D16S8 D16S16 D24S0 D24S1 D24S4 D24S8 D24S16 D32S0 D32S1 D32S4 D32S8 D32S16 Packed-D24S8 
16:32:19: FBO PF_R8G8B8 depth/stencil support: D0S0 D0S1 D0S4 D0S8 D0S16 D16S0 D16S1 D16S4 D16S8 D16S16 D24S0 D24S1 D24S4 D24S8 D24S16 D32S0 D32S1 D32S4 D32S8 D32S16 Packed-D24S8 
16:32:19: FBO PF_B8G8R8 depth/stencil support: D0S0 D0S1 D0S4 D0S8 D0S16 D16S0 D16S1 D16S4 D16S8 D16S16 D24S0 D24S1 D24S4 D24S8 D24S16 D32S0 D32S1 D32S4 D32S8 D32S16 Packed-D24S8 
16:32:19: FBO PF_A8R8G8B8 depth/stencil support: D0S0 D0S1 D0S4 D0S8 D0S16 D16S0 D16S1 D16S4 D16S8 D16S16 D24S0 D24S1 D24S4 D24S8 D24S16 D32S0 D32S1 D32S4 D32S8 D32S16 Packed-D24S8 
16:32:19: FBO PF_B8G8R8A8 depth/stencil support: D0S0 D0S1 D0S4 D0S8 D0S16 D16S0 D16S1 D16S4 D16S8 D16S16 D24S0 D24S1 D24S4 D24S8 D24S16 D32S0 D32S1 D32S4 D32S8 D32S16 Packed-D24S8 
16:32:19: FBO PF_A2R10G10B10 depth/stencil support: D0S0 D0S1 D0S4 D0S8 D0S16 D16S0 D16S1 D16S4 D16S8 D16S16 D24S0 D24S1 D24S4 D24S8 D24S16 D32S0 D32S1 D32S4 D32S8 D32S16 Packed-D24S8 
16:32:19: FBO PF_A2B10G10R10 depth/stencil support: D0S0 D0S1 D0S4 D0S8 D0S16 D16S0 D16S1 D16S4 D16S8 D16S16 D24S0 D24S1 D24S4 D24S8 D24S16 D32S0 D32S1 D32S4 D32S8 D32S16 Packed-D24S8 
16:32:19: FBO PF_FLOAT16_RGB depth/stencil support: D0S0 D0S1 D0S4 D0S8 D0S16 D16S0 D16S1 D16S4 D16S8 D16S16 D24S0 D24S1 D24S4 D24S8 D24S16 D32S0 D32S1 D32S4 D32S8 D32S16 Packed-D24S8 
16:32:19: FBO PF_FLOAT16_RGBA depth/stencil support: D0S0 D0S1 D0S4 D0S8 D0S16 D16S0 D16S1 D16S4 D16S8 D16S16 D24S0 D24S1 D24S4 D24S8 D24S16 D32S0 D32S1 D32S4 D32S8 D32S16 Packed-D24S8 
16:32:19: FBO PF_FLOAT32_RGBA depth/stencil support: D0S0 D0S1 D0S4 D0S8 D0S16 D16S0 D16S1 D16S4 D16S8 D16S16 D24S0 D24S1 D24S4 D24S8 D24S16 D32S0 D32S1 D32S4 D32S8 D32S16 Packed-D24S8 
16:32:19: FBO PF_X8R8G8B8 depth/stencil support: D0S0 D0S1 D0S4 D0S8 D0S16 D16S0 D16S1 D16S4 D16S8 D16S16 D24S0 D24S1 D24S4 D24S8 D24S16 D32S0 D32S1 D32S4 D32S8 D32S16 Packed-D24S8 
16:32:19: FBO PF_X8B8G8R8 depth/stencil support: D0S0 D0S1 D0S4 D0S8 D0S16 D16S0 D16S1 D16S4 D16S8 D16S16 D24S0 D24S1 D24S4 D24S8 D24S16 D32S0 D32S1 D32S4 D32S8 D32S16 Packed-D24S8 
16:32:19: FBO PF_SHORT_RGBA depth/stencil support: D0S0 D0S1 D0S4 D0S8 D0S16 D16S0 D16S1 D16S4 D16S8 D16S16 D24S0 D24S1 D24S4 D24S8 D24S16 D32S0 D32S1 D32S4 D32S8 D32S16 Packed-D24S8 
16:32:19: FBO PF_R3G3B2 depth/stencil support: D0S0 D0S1 D0S4 D0S8 D0S16 D16S0 D16S1 D16S4 D16S8 D16S16 D24S0 D24S1 D24S4 D24S8 D24S16 D32S0 D32S1 D32S4 D32S8 D32S16 Packed-D24S8 
16:32:19: FBO PF_FLOAT16_R depth/stencil support: D0S0 D0S1 D0S4 D0S8 D0S16 D16S0 D16S1 D16S4 D16S8 D16S16 D24S0 D24S1 D24S4 D24S8 D24S16 D32S0 D32S1 D32S4 D32S8 D32S16 Packed-D24S8 
16:32:19: FBO PF_FLOAT32_R depth/stencil support: D0S0 D0S1 D0S4 D0S8 D0S16 D16S0 D16S1 D16S4 D16S8 D16S16 D24S0 D24S1 D24S4 D24S8 D24S16 D32S0 D32S1 D32S4 D32S8 D32S16 Packed-D24S8 
16:32:19: FBO PF_SHORT_RGB depth/stencil support: D0S0 D0S1 D0S4 D0S8 D0S16 D16S0 D16S1 D16S4 D16S8 D16S16 D24S0 D24S1 D24S4 D24S8 D24S16 D32S0 D32S1 D32S4 D32S8 D32S16 Packed-D24S8 
16:32:19: [GL] : Valid FBO targets PF_UNKNOWN PF_L8 PF_L16 PF_A8 PF_R5G6B5 PF_B5G6R5 PF_A4R4G4B4 PF_A1R5G5B5 PF_R8G8B8 PF_B8G8R8 PF_A8R8G8B8 PF_B8G8R8A8 PF_A2R10G10B10 PF_A2B10G10R10 PF_FLOAT16_RGB PF_FLOAT16_RGBA PF_FLOAT32_RGBA PF_X8R8G8B8 PF_X8B8G8R8 PF_SHORT_RGBA PF_R3G3B2 PF_FLOAT16_R PF_FLOAT32_R PF_SHORT_RGB 
16:32:19: RenderSystem capabilities
16:32:19: -------------------------
16:32:19: RenderSystem Name: OpenGL Rendering Subsystem
16:32:19: GPU Vendor: intel
16:32:19: Device Name: Mesa DRI Intel(R) HD Graphics 5500 (Broadwell GT2) 
16:32:19: Driver Version: 3.0.0.0
16:32:19:  * Fixed function pipeline: yes
16:32:19:  * Hardware generation of mipmaps: no
16:32:19:  * Texture blending: yes
16:32:19:  * Anisotropic texture filtering: yes
16:32:19:  * Dot product texture operation: yes
16:32:19:  * Cube mapping: yes
16:32:19:  * Hardware stencil buffer: yes
16:32:19:    - Stencil depth: 8
16:32:19:    - Two sided stencil support: yes
16:32:19:    - Wrap stencil values: yes
16:32:19:  * Hardware vertex / index buffers: yes
16:32:19:  * Vertex programs: yes
16:32:19:  * Number of floating-point constants for vertex programs: 4096
16:32:19:  * Number of integer constants for vertex programs: 0
16:32:19:  * Number of boolean constants for vertex programs: 0
16:32:19:  * Fragment programs: yes
16:32:19:  * Number of floating-point constants for fragment programs: 4096
16:32:19:  * Number of integer constants for fragment programs: 0
16:32:19:  * Number of boolean constants for fragment programs: 0
16:32:19:  * Geometry programs: no
16:32:19:  * Number of floating-point constants for geometry programs: 0
16:32:19:  * Number of integer constants for geometry programs: 0
16:32:19:  * Number of boolean constants for geometry programs: 0
16:32:19:  * Tesselation Hull programs: no
16:32:19:  * Number of floating-point constants for tesselation hull programs: 0
16:32:19:  * Number of integer constants for tesselation hull programs: 0
16:32:19:  * Number of boolean constants for tesselation hull programs: 0
16:32:19:  * Tesselation Domain programs: no
16:32:19:  * Number of floating-point constants for tesselation domain programs: 0
16:32:19:  * Number of integer constants for tesselation domain programs: 0
16:32:19:  * Number of boolean constants for tesselation domain programs: 0
16:32:19:  * Compute programs: no
16:32:19:  * Number of floating-point constants for compute programs: 0
16:32:19:  * Number of integer constants for compute programs: 0
16:32:19:  * Number of boolean constants for compute programs: 0
16:32:19:  * Supported Shader Profiles: arbfp1 arbvp1 glsl
16:32:19:  * Texture Compression: yes
16:32:19:    - DXT: yes
16:32:19:    - VTC: no
16:32:19:    - PVRTC: no
16:32:19:    - ATC: no
16:32:19:    - ETC1: no
16:32:19:    - ETC2: no
16:32:19:    - BC4/BC5: no
16:32:19:    - BC6H/BC7: no
16:32:19:  * Scissor Rectangle: yes
16:32:19:  * Hardware Occlusion Query: yes
16:32:19:  * User clip planes: yes
16:32:19:  * VET_UBYTE4 vertex element type: yes
16:32:19:  * Infinite far plane projection: yes
16:32:19:  * Hardware render-to-texture: yes
16:32:19:  * Floating point textures: yes
16:32:19:  * Non-power-of-two textures: yes
16:32:19:  * 1d textures: yes
16:32:19:  * Volume textures: yes
16:32:19:  * Multiple Render Targets: 8
16:32:19:    - With different bit depths: yes
16:32:19:  * Point Sprites: yes
16:32:19:  * Extended point parameters: yes
16:32:19:  * Max Point Size: 255
16:32:19:  * Vertex texture fetch: yes
16:32:19:  * Number of world matrices: 0
16:32:19:  * Number of texture units: 16
16:32:19:  * Stencil buffer depth: 8
16:32:19:  * Number of vertex blend matrices: 0
16:32:19:    - Max vertex textures: 32
16:32:19:    - Vertex textures shared: yes
16:32:19:  * Render to Vertex Buffer : no
16:32:19:  * Hardware Atomic Counters: no
16:32:19:  * GL 1.5 without VBO workaround: no
16:32:19:  * Frame Buffer objects: yes
16:32:19:  * Frame Buffer objects (ARB extension): no
16:32:19:  * Frame Buffer objects (ATI extension): no
16:32:19:  * PBuffer support: yes
16:32:19:  * GL 1.5 without HW-occlusion workaround: no
16:32:19:  * Vertex Array Objects: no
16:32:19:  * Separate shader objects: no
16:32:19: Using FSAA from GL_ARB_multisample extension.
16:32:19: DefaultWorkQueue('Root') initialising on thread 7fab13719280.
16:32:19: DefaultWorkQueue('Root')::WorkerFunc - thread 7faadfbdd700 starting.
16:32:19: DefaultWorkQueue('Root')::WorkerFunc - thread 7faadebdb700 starting.
16:32:19: DefaultWorkQueue('Root')::WorkerFunc - thread 7faadf3dc700 starting.
16:32:19: DefaultWorkQueue('Root')::WorkerFunc - thread 7faade3da700 starting.
16:32:19: Particle Renderer Type 'billboard' registered
16:32:19: SceneManagerFactory for type 'BspSceneManager' registered.
16:32:19: Registering ResourceManager for type BspLevel
16:32:19: SceneManagerFactory for type 'OctreeSceneManager' registered.
16:32:19: Parsing scripts for resource group Animations
16:32:19: Finished parsing scripts for resource group Animations
16:32:19: Creating resources for group Animations
16:32:19: All done
16:32:19: Parsing scripts for resource group Autodetect
16:32:19: Finished parsing scripts for resource group Autodetect
16:32:19: Creating resources for group Autodetect
16:32:19: All done
16:32:19: Parsing scripts for resource group Fonts
16:32:19: Parsing script Gazebo.fontdef
16:32:19: Finished parsing scripts for resource group Fonts
16:32:19: Creating resources for group Fonts
16:32:19: All done
16:32:19: Parsing scripts for resource group General
16:32:19: Parsing script VPL.program
16:32:19: Parsing script ShadowCaster.program
16:32:19: Parsing script deferred_post.program
16:32:19: Parsing script perpixel.program
16:32:19: Parsing script shadow_caster.program
16:32:19: Parsing script oculus.material
16:32:19: Parsing script deferred_post_minilight.material
16:32:19: Parsing script kitchen.material
16:32:19: Parsing script deferred_post.material
16:32:19: Parsing script gazebo.material
16:32:19: Parsing script VPL.material
16:32:19: Parsing script grid.material
16:32:19: Parsing script blur.material
16:32:19: Parsing script ShadowCaster.material
16:32:19: Parsing script picker.material
16:32:19: Parsing script ssao.material
16:32:19: Parsing script blur.compositor
16:32:19: Parsing script distortion.compositor
16:32:19: Parsing script deferred.compositor
16:32:19: Parsing script noise.compositor
16:32:19: Parsing script ssao.compositor
16:32:19: Parsing script WideCameraLensMap.compositor
16:32:19: Finished parsing scripts for resource group General
16:32:19: Creating resources for group General
16:32:19: All done
16:32:19: Parsing scripts for resource group Imagesets
16:32:19: Finished parsing scripts for resource group Imagesets
16:32:19: Creating resources for group Imagesets
16:32:19: All done
16:32:19: Parsing scripts for resource group Internal
16:32:19: Finished parsing scripts for resource group Internal
16:32:19: Creating resources for group Internal
16:32:19: All done
16:32:19: Parsing scripts for resource group Layouts
16:32:19: Finished parsing scripts for resource group Layouts
16:32:19: Creating resources for group Layouts
16:32:19: All done
16:32:19: Parsing scripts for resource group LookNFeel
16:32:19: Finished parsing scripts for resource group LookNFeel
16:32:19: Creating resources for group LookNFeel
16:32:19: All done
16:32:19: Parsing scripts for resource group Schemes
16:32:19: Finished parsing scripts for resource group Schemes
16:32:19: Creating resources for group Schemes
16:32:19: All done
16:32:19: Parsing scripts for resource group SkyX
16:32:19: Parsing script SkyX.material
16:32:19: Finished parsing scripts for resource group SkyX
16:32:19: Creating resources for group SkyX
16:32:19: All done
16:32:19: Added resource location '/usr/share/gazebo-7/media/rtshaderlib/' of type 'FileSystem' to resource group 'General'
16:32:19: Creating resource group ShaderGeneratorResourceGroup
16:32:19: Added resource location '/tmp/gazebo-marifer-rtshaderlibcache/' of type 'FileSystem' to resource group 'ShaderGeneratorResourceGroup'
16:32:30: Unregistering ResourceManager for type Font
16:32:30: DefaultWorkQueue('Root') shutting down on thread 7f6458ec0280.
16:32:30: DefaultWorkQueue('Root')::WorkerFunc - thread 7f641f6fe700 stopped.
16:32:30: DefaultWorkQueue('Root')::WorkerFunc - thread 7f641eefd700 stopped.
16:32:30: DefaultWorkQueue('Root')::WorkerFunc - thread 7f641e6fc700 stopped.
16:32:30: DefaultWorkQueue('Root')::WorkerFunc - thread 7f641feff700 stopped.
16:32:30: Unregistering ResourceManager for type BspLevel
16:32:30: *-*-* OGRE Shutdown
16:32:30: *-*-* OGRE Shutdown
16:32:30: Unregistering ResourceManager for type Compositor
16:32:30: Unregistering ResourceManager for type Skeleton
16:32:30: Unregistering ResourceManager for type Mesh
16:32:30: Unregistering ResourceManager for type HighLevelGpuProgram
16:32:30: Uninstalling plugin: Octree Scene Manager
16:32:30: Plugin successfully uninstalled
16:32:30: Unloading library /usr/lib/x86_64-linux-gnu/OGRE-1.9.0/Plugin_OctreeSceneManager.so
16:32:30: Uninstalling plugin: BSP Scene Manager
16:32:30: Plugin successfully uninstalled
16:32:30: Unloading library /usr/lib/x86_64-linux-gnu/OGRE-1.9.0/Plugin_BSPSceneManager.so
16:32:30: Uninstalling plugin: ParticleFX
16:32:30: Plugin successfully uninstalled
16:32:30: Unloading library /usr/lib/x86_64-linux-gnu/OGRE-1.9.0/Plugin_ParticleFX.so
16:32:30: Uninstalling plugin: GL RenderSystem
16:32:30: Unregistering ResourceManager for type GpuProgram
16:32:30: ******************************
*** Stopping GLX Subsystem ***
******************************
16:32:30: Unregistering ResourceManager for type Texture
16:32:30: Plugin successfully uninstalled
16:32:30: Unloading library /usr/lib/x86_64-linux-gnu/OGRE-1.9.0/RenderSystem_GL.so
16:32:30: Unregistering ResourceManager for type Material
 thread 7fab13719280.
16:32:24: DefaultWorkQueue('Root')::WorkerFunc - thread 7faadebdb700 stopped.
16:32:24: DefaultWorkQueue('Root')::WorkerFunc - thread 7faadf3dc700 stopped.
16:32:24: DefaultWorkQueue('Root')::WorkerFunc - thread 7faade3da700 stopped.
16:32:24: DefaultWorkQueue('Root')::WorkerFunc - thread 7faadfbdd700 stopped.
16:32:24: Unregistering ResourceManager for type BspLevel
16:32:24: *-*-* OGRE Shutdown
16:32:24: *-*-* OGRE Shutdown
16:32:24: Unregistering ResourceManager for type Compositor
16:32:24: Unregistering ResourceManager for type Skeleton
16:32:24: Unregistering ResourceManager for type Mesh
16:32:24: Unregistering ResourceManager for type HighLevelGpuProgram
16:32:24: Uninstalling plugin: Octree Scene Manager
16:32:24: Plugin successfully uninstalled
16:32:24: Unloading library /usr/lib/x86_64-linux-gnu/OGRE-1.9.0/Plugin_OctreeSceneManager.so
16:32:24: Uninstalling plugin: BSP Scene Manager
16:32:24: Plugin successfully uninstalled
16:32:24: Unloading library /usr/lib/x86_64-linux-gnu/OGRE-1.9.0/Plugin_BSPSceneManager.so
16:32:24: Uninstalling plugin: ParticleFX
16:32:24: Plugin successfully uninstalled
16:32:24: Unloading library /usr/lib/x86_64-linux-gnu/OGRE-1.9.0/Plugin_ParticleFX.so
16:32:24: Uninstalling plugin: GL RenderSystem
16:32:24: Unregistering ResourceManager for type GpuProgram
16:32:24: ******************************
*** Stopping GLX Subsystem ***
******************************
16:32:24: Unregistering ResourceManager for type Texture
16:32:24: Plugin successfully uninstalled
16:32:24: Unloading library /usr/lib/x86_64-linux-gnu/OGRE-1.9.0/RenderSystem_GL.so
16:32:24: Unregistering ResourceManager for type Material
