Determining if the Q_WS_WIN exist failed with the following output:
Change Dir: /home/marifer/ROS-Tutorials/gazebo_gui/build/CMakeFiles/CMakeTmp

Run Build Command:"/usr/bin/make" "cmTC_b635f/fast"
/usr/bin/make -f CMakeFiles/cmTC_b635f.dir/build.make CMakeFiles/cmTC_b635f.dir/build
make[1]: Entering directory '/home/marifer/ROS-Tutorials/gazebo_gui/build/CMakeFiles/CMakeTmp'
Building CXX object CMakeFiles/cmTC_b635f.dir/CheckSymbolExists.cxx.o
/usr/bin/c++    -I/usr/include/qt4   -o CMakeFiles/cmTC_b635f.dir/CheckSymbolExists.cxx.o -c /home/marifer/ROS-Tutorials/gazebo_gui/build/CMakeFiles/CMakeTmp/CheckSymbolExists.cxx
/home/marifer/ROS-Tutorials/gazebo_gui/build/CMakeFiles/CMakeTmp/CheckSymbolExists.cxx: In function ‘int main(int, char**)’:
/home/marifer/ROS-Tutorials/gazebo_gui/build/CMakeFiles/CMakeTmp/CheckSymbolExists.cxx:8:19: error: ‘Q_WS_WIN’ was not declared in this scope
   return ((int*)(&Q_WS_WIN))[argc];
                   ^
CMakeFiles/cmTC_b635f.dir/build.make:65: recipe for target 'CMakeFiles/cmTC_b635f.dir/CheckSymbolExists.cxx.o' failed
make[1]: *** [CMakeFiles/cmTC_b635f.dir/CheckSymbolExists.cxx.o] Error 1
make[1]: Leaving directory '/home/marifer/ROS-Tutorials/gazebo_gui/build/CMakeFiles/CMakeTmp'
Makefile:126: recipe for target 'cmTC_b635f/fast' failed
make: *** [cmTC_b635f/fast] Error 2

File /home/marifer/ROS-Tutorials/gazebo_gui/build/CMakeFiles/CMakeTmp/CheckSymbolExists.cxx:
/* */
#include <QtCore/qglobal.h>

int main(int argc, char** argv)
{
  (void)argv;
#ifndef Q_WS_WIN
  return ((int*)(&Q_WS_WIN))[argc];
#else
  (void)argc;
  return 0;
#endif
}

Determining if the Q_WS_QWS exist failed with the following output:
Change Dir: /home/marifer/ROS-Tutorials/gazebo_gui/build/CMakeFiles/CMakeTmp

Run Build Command:"/usr/bin/make" "cmTC_b3308/fast"
/usr/bin/make -f CMakeFiles/cmTC_b3308.dir/build.make CMakeFiles/cmTC_b3308.dir/build
make[1]: Entering directory '/home/marifer/ROS-Tutorials/gazebo_gui/build/CMakeFiles/CMakeTmp'
Building CXX object CMakeFiles/cmTC_b3308.dir/CheckSymbolExists.cxx.o
/usr/bin/c++    -I/usr/include/qt4   -o CMakeFiles/cmTC_b3308.dir/CheckSymbolExists.cxx.o -c /home/marifer/ROS-Tutorials/gazebo_gui/build/CMakeFiles/CMakeTmp/CheckSymbolExists.cxx
/home/marifer/ROS-Tutorials/gazebo_gui/build/CMakeFiles/CMakeTmp/CheckSymbolExists.cxx: In function ‘int main(int, char**)’:
/home/marifer/ROS-Tutorials/gazebo_gui/build/CMakeFiles/CMakeTmp/CheckSymbolExists.cxx:8:19: error: ‘Q_WS_QWS’ was not declared in this scope
   return ((int*)(&Q_WS_QWS))[argc];
                   ^
CMakeFiles/cmTC_b3308.dir/build.make:65: recipe for target 'CMakeFiles/cmTC_b3308.dir/CheckSymbolExists.cxx.o' failed
make[1]: *** [CMakeFiles/cmTC_b3308.dir/CheckSymbolExists.cxx.o] Error 1
make[1]: Leaving directory '/home/marifer/ROS-Tutorials/gazebo_gui/build/CMakeFiles/CMakeTmp'
Makefile:126: recipe for target 'cmTC_b3308/fast' failed
make: *** [cmTC_b3308/fast] Error 2

File /home/marifer/ROS-Tutorials/gazebo_gui/build/CMakeFiles/CMakeTmp/CheckSymbolExists.cxx:
/* */
#include <QtCore/qglobal.h>

int main(int argc, char** argv)
{
  (void)argv;
#ifndef Q_WS_QWS
  return ((int*)(&Q_WS_QWS))[argc];
#else
  (void)argc;
  return 0;
#endif
}

Determining if the Q_WS_MAC exist failed with the following output:
Change Dir: /home/marifer/ROS-Tutorials/gazebo_gui/build/CMakeFiles/CMakeTmp

Run Build Command:"/usr/bin/make" "cmTC_985ac/fast"
/usr/bin/make -f CMakeFiles/cmTC_985ac.dir/build.make CMakeFiles/cmTC_985ac.dir/build
make[1]: Entering directory '/home/marifer/ROS-Tutorials/gazebo_gui/build/CMakeFiles/CMakeTmp'
Building CXX object CMakeFiles/cmTC_985ac.dir/CheckSymbolExists.cxx.o
/usr/bin/c++    -I/usr/include/qt4   -o CMakeFiles/cmTC_985ac.dir/CheckSymbolExists.cxx.o -c /home/marifer/ROS-Tutorials/gazebo_gui/build/CMakeFiles/CMakeTmp/CheckSymbolExists.cxx
/home/marifer/ROS-Tutorials/gazebo_gui/build/CMakeFiles/CMakeTmp/CheckSymbolExists.cxx: In function ‘int main(int, char**)’:
/home/marifer/ROS-Tutorials/gazebo_gui/build/CMakeFiles/CMakeTmp/CheckSymbolExists.cxx:8:19: error: ‘Q_WS_MAC’ was not declared in this scope
   return ((int*)(&Q_WS_MAC))[argc];
                   ^
CMakeFiles/cmTC_985ac.dir/build.make:65: recipe for target 'CMakeFiles/cmTC_985ac.dir/CheckSymbolExists.cxx.o' failed
make[1]: *** [CMakeFiles/cmTC_985ac.dir/CheckSymbolExists.cxx.o] Error 1
make[1]: Leaving directory '/home/marifer/ROS-Tutorials/gazebo_gui/build/CMakeFiles/CMakeTmp'
Makefile:126: recipe for target 'cmTC_985ac/fast' failed
make: *** [cmTC_985ac/fast] Error 2

File /home/marifer/ROS-Tutorials/gazebo_gui/build/CMakeFiles/CMakeTmp/CheckSymbolExists.cxx:
/* */
#include <QtCore/qglobal.h>

int main(int argc, char** argv)
{
  (void)argv;
#ifndef Q_WS_MAC
  return ((int*)(&Q_WS_MAC))[argc];
#else
  (void)argc;
  return 0;
#endif
}

Determining if the pthread_create exist failed with the following output:
Change Dir: /home/marifer/ROS-Tutorials/gazebo_gui/build/CMakeFiles/CMakeTmp

Run Build Command:"/usr/bin/make" "cmTC_b74af/fast"
/usr/bin/make -f CMakeFiles/cmTC_b74af.dir/build.make CMakeFiles/cmTC_b74af.dir/build
make[1]: Entering directory '/home/marifer/ROS-Tutorials/gazebo_gui/build/CMakeFiles/CMakeTmp'
Building C object CMakeFiles/cmTC_b74af.dir/CheckSymbolExists.c.o
/usr/bin/cc     -o CMakeFiles/cmTC_b74af.dir/CheckSymbolExists.c.o   -c /home/marifer/ROS-Tutorials/gazebo_gui/build/CMakeFiles/CMakeTmp/CheckSymbolExists.c
Linking C executable cmTC_b74af
/usr/bin/cmake -E cmake_link_script CMakeFiles/cmTC_b74af.dir/link.txt --verbose=1
/usr/bin/cc       CMakeFiles/cmTC_b74af.dir/CheckSymbolExists.c.o  -o cmTC_b74af -rdynamic 
CMakeFiles/cmTC_b74af.dir/CheckSymbolExists.c.o: In function `main':
CheckSymbolExists.c:(.text+0x16): undefined reference to `pthread_create'
collect2: error: ld returned 1 exit status
CMakeFiles/cmTC_b74af.dir/build.make:97: recipe for target 'cmTC_b74af' failed
make[1]: *** [cmTC_b74af] Error 1
make[1]: Leaving directory '/home/marifer/ROS-Tutorials/gazebo_gui/build/CMakeFiles/CMakeTmp'
Makefile:126: recipe for target 'cmTC_b74af/fast' failed
make: *** [cmTC_b74af/fast] Error 2

File /home/marifer/ROS-Tutorials/gazebo_gui/build/CMakeFiles/CMakeTmp/CheckSymbolExists.c:
/* */
#include <pthread.h>

int main(int argc, char** argv)
{
  (void)argv;
#ifndef pthread_create
  return ((int*)(&pthread_create))[argc];
#else
  (void)argc;
  return 0;
#endif
}

Determining if the function pthread_create exists in the pthreads failed with the following output:
Change Dir: /home/marifer/ROS-Tutorials/gazebo_gui/build/CMakeFiles/CMakeTmp

Run Build Command:"/usr/bin/make" "cmTC_aa48c/fast"
/usr/bin/make -f CMakeFiles/cmTC_aa48c.dir/build.make CMakeFiles/cmTC_aa48c.dir/build
make[1]: Entering directory '/home/marifer/ROS-Tutorials/gazebo_gui/build/CMakeFiles/CMakeTmp'
Building C object CMakeFiles/cmTC_aa48c.dir/CheckFunctionExists.c.o
/usr/bin/cc    -DCHECK_FUNCTION_EXISTS=pthread_create   -o CMakeFiles/cmTC_aa48c.dir/CheckFunctionExists.c.o   -c /usr/share/cmake-3.5/Modules/CheckFunctionExists.c
Linking C executable cmTC_aa48c
/usr/bin/cmake -E cmake_link_script CMakeFiles/cmTC_aa48c.dir/link.txt --verbose=1
/usr/bin/cc   -DCHECK_FUNCTION_EXISTS=pthread_create    CMakeFiles/cmTC_aa48c.dir/CheckFunctionExists.c.o  -o cmTC_aa48c -rdynamic -lpthreads 
/usr/bin/ld: cannot find -lpthreads
collect2: error: ld returned 1 exit status
CMakeFiles/cmTC_aa48c.dir/build.make:97: recipe for target 'cmTC_aa48c' failed
make[1]: *** [cmTC_aa48c] Error 1
make[1]: Leaving directory '/home/marifer/ROS-Tutorials/gazebo_gui/build/CMakeFiles/CMakeTmp'
Makefile:126: recipe for target 'cmTC_aa48c/fast' failed
make: *** [cmTC_aa48c/fast] Error 2


