Determining if the pthread_create exist failed with the following output:
Change Dir: /home/marifer/ROS-Tutorials/gazebo_contact_tutorial/build/CMakeFiles/CMakeTmp

Run Build Command:"/usr/bin/make" "cmTC_7d1b5/fast"
/usr/bin/make -f CMakeFiles/cmTC_7d1b5.dir/build.make CMakeFiles/cmTC_7d1b5.dir/build
make[1]: Entering directory '/home/marifer/ROS-Tutorials/gazebo_contact_tutorial/build/CMakeFiles/CMakeTmp'
Building C object CMakeFiles/cmTC_7d1b5.dir/CheckSymbolExists.c.o
/usr/bin/cc     -o CMakeFiles/cmTC_7d1b5.dir/CheckSymbolExists.c.o   -c /home/marifer/ROS-Tutorials/gazebo_contact_tutorial/build/CMakeFiles/CMakeTmp/CheckSymbolExists.c
Linking C executable cmTC_7d1b5
/usr/bin/cmake -E cmake_link_script CMakeFiles/cmTC_7d1b5.dir/link.txt --verbose=1
/usr/bin/cc       CMakeFiles/cmTC_7d1b5.dir/CheckSymbolExists.c.o  -o cmTC_7d1b5 -rdynamic 
CMakeFiles/cmTC_7d1b5.dir/CheckSymbolExists.c.o: In function `main':
CheckSymbolExists.c:(.text+0x16): undefined reference to `pthread_create'
collect2: error: ld returned 1 exit status
CMakeFiles/cmTC_7d1b5.dir/build.make:97: recipe for target 'cmTC_7d1b5' failed
make[1]: *** [cmTC_7d1b5] Error 1
make[1]: Leaving directory '/home/marifer/ROS-Tutorials/gazebo_contact_tutorial/build/CMakeFiles/CMakeTmp'
Makefile:126: recipe for target 'cmTC_7d1b5/fast' failed
make: *** [cmTC_7d1b5/fast] Error 2

File /home/marifer/ROS-Tutorials/gazebo_contact_tutorial/build/CMakeFiles/CMakeTmp/CheckSymbolExists.c:
/* */
#include <pthread.h>

int main(int argc, char** argv)
{
  (void)argv;
#ifndef pthread_create
  return ((int*)(&pthread_create))[argc];
#else
  (void)argc;
  return 0;
#endif
}

Determining if the function pthread_create exists in the pthreads failed with the following output:
Change Dir: /home/marifer/ROS-Tutorials/gazebo_contact_tutorial/build/CMakeFiles/CMakeTmp

Run Build Command:"/usr/bin/make" "cmTC_ecd76/fast"
/usr/bin/make -f CMakeFiles/cmTC_ecd76.dir/build.make CMakeFiles/cmTC_ecd76.dir/build
make[1]: Entering directory '/home/marifer/ROS-Tutorials/gazebo_contact_tutorial/build/CMakeFiles/CMakeTmp'
Building C object CMakeFiles/cmTC_ecd76.dir/CheckFunctionExists.c.o
/usr/bin/cc    -DCHECK_FUNCTION_EXISTS=pthread_create   -o CMakeFiles/cmTC_ecd76.dir/CheckFunctionExists.c.o   -c /usr/share/cmake-3.5/Modules/CheckFunctionExists.c
Linking C executable cmTC_ecd76
/usr/bin/cmake -E cmake_link_script CMakeFiles/cmTC_ecd76.dir/link.txt --verbose=1
/usr/bin/cc   -DCHECK_FUNCTION_EXISTS=pthread_create    CMakeFiles/cmTC_ecd76.dir/CheckFunctionExists.c.o  -o cmTC_ecd76 -rdynamic -lpthreads 
/usr/bin/ld: cannot find -lpthreads
collect2: error: ld returned 1 exit status
CMakeFiles/cmTC_ecd76.dir/build.make:97: recipe for target 'cmTC_ecd76' failed
make[1]: *** [cmTC_ecd76] Error 1
make[1]: Leaving directory '/home/marifer/ROS-Tutorials/gazebo_contact_tutorial/build/CMakeFiles/CMakeTmp'
Makefile:126: recipe for target 'cmTC_ecd76/fast' failed
make: *** [cmTC_ecd76/fast] Error 2


